#
# A fatal error has been detected by the Java Runtime Environment:
#
#  Internal Error (c1_LIR.cpp:1012), pid=928, tid=0x0000000000003d03
#  Error: ShouldNotReachHere()
#
# JRE version: OpenJDK Runtime Environment (8.0_202) (build 1.8.0_202-release-1483-b49-5587405)
# Java VM: OpenJDK 64-Bit Server VM (25.202-b49-5587405 mixed mode bsd-amd64 compressed oops)
# Failed to write core dump. Core dumps have been disabled. To enable core dumping, try "ulimit -c unlimited" before starting Java again
#
# If you would like to submit a bug report, please visit:
#   http://bugreport.java.com/bugreport/crash.jsp
#

---------------  T H R E A D  ---------------

Current thread (0x00007fab2401f000):  JavaThread "C1 CompilerThread3" daemon [_thread_in_native, id=15619, stack(0x0000700002e4f000,0x0000700002f4f000)]

Stack: [0x0000700002e4f000,0x0000700002f4f000],  sp=0x0000700002f4df70,  free space=1019k
Native frames: (J=compiled Java code, j=interpreted, Vv=VM code, C=native code)
V  [libjvm.dylib+0x55b526]  VMError::report_and_die()+0x3d2
V  [libjvm.dylib+0x1d1a6e]  report_vm_error(char const*, int, char const*, char const*)+0x55
V  [libjvm.dylib+0xee492]  LIR_OpVisitState::visit(LIR_Op*)+0xccc
V  [libjvm.dylib+0x115d8e]  LinearScan::compute_local_live_sets()+0x25e
V  [libjvm.dylib+0x11ae00]  LinearScan::do_linear_scan()+0x16
V  [libjvm.dylib+0xd609e]  Compilation::emit_lir()+0xd0
V  [libjvm.dylib+0xd6660]  Compilation::compile_java_method()+0xe2
V  [libjvm.dylib+0xd6812]  Compilation::compile_method()+0x58
V  [libjvm.dylib+0xd69fd]  Compilation::Compilation(AbstractCompiler*, ciEnv*, ciMethod*, int, BufferBlob*)+0x143
V  [libjvm.dylib+0xd74dd]  Compiler::compile_method(ciEnv*, ciMethod*, int)+0x81
V  [libjvm.dylib+0x1a35b7]  CompileBroker::invoke_compiler_on_method(CompileTask*)+0x633
V  [libjvm.dylib+0x1a2abc]  CompileBroker::compiler_thread_loop()+0x270
V  [libjvm.dylib+0x51e598]  JavaThread::thread_main_inner()+0x82
V  [libjvm.dylib+0x51e45d]  JavaThread::run()+0x199
V  [libjvm.dylib+0x4516c3]  java_start(Thread*)+0xfa
C  [libsystem_pthread.dylib+0x32eb]  _pthread_body+0x7e
C  [libsystem_pthread.dylib+0x6249]  _pthread_start+0x42
C  [libsystem_pthread.dylib+0x240d]  thread_start+0xd
C  0x0000000000000000


Current CompileTask:
C1:  11392 4149   !   3       com.google.common.cache.LocalCache$Segment::get (122 bytes)


---------------  P R O C E S S  ---------------

Java Threads: ( => current thread )
  0x00007fab2719a800 JavaThread "Build operations Thread 8" [_thread_in_native, id=37123, stack(0x00007000049a0000,0x0000700004aa0000)]
  0x00007fab2719a000 JavaThread "Build operations Thread 7" [_thread_in_native, id=37635, stack(0x000070000489d000,0x000070000499d000)]
  0x00007fab27364000 JavaThread "Build operations Thread 6" [_thread_in_native, id=27651, stack(0x000070000479a000,0x000070000489a000)]
  0x00007fab289f8000 JavaThread "Build operations Thread 5" [_thread_in_native, id=27395, stack(0x0000700004697000,0x0000700004797000)]
  0x00007fab25a18000 JavaThread "Build operations Thread 4" [_thread_in_Java, id=38403, stack(0x0000700004594000,0x0000700004694000)]
  0x00007fab28aee000 JavaThread "Build operations Thread 3" [_thread_in_Java, id=38915, stack(0x0000700004491000,0x0000700004591000)]
  0x00007fab22efa000 JavaThread "Build operations Thread 2" [_thread_blocked, id=39427, stack(0x000070000438e000,0x000070000448e000)]
  0x00007fab22efc800 JavaThread "Build operations" [_thread_in_native, id=13323, stack(0x000070000428b000,0x000070000438b000)]
  0x00007fab273d0000 JavaThread "Cache worker for execution history cache (/Users/ricardocenteno/.gradle/caches/5.4.1/executionHistory)" [_thread_blocked, id=26627, stack(0x0000700004188000,0x0000700004288000)]
  0x00007fab22fa0000 JavaThread "Cache worker for cache directory md-rule (/Users/ricardocenteno/.gradle/caches/5.4.1/md-rule)" [_thread_blocked, id=26371, stack(0x0000700004085000,0x0000700004185000)]
  0x00007fab22898000 JavaThread "Cache worker for cache directory md-supplier (/Users/ricardocenteno/.gradle/caches/5.4.1/md-supplier)" [_thread_blocked, id=25859, stack(0x0000700003f82000,0x0000700004082000)]
  0x00007fab2485b800 JavaThread "Cache worker for file hash cache (/Users/ricardocenteno/Downloads/background-location-updates-android-o-master/Laundry/.gradle/5.4.1/fileHashes)" [_thread_blocked, id=40451, stack(0x0000700003e7f000,0x0000700003f7f000)]
  0x00007fab2534c000 JavaThread "Cache worker for journal cache (/Users/ricardocenteno/.gradle/caches/journal-1)" [_thread_blocked, id=25347, stack(0x0000700003d7c000,0x0000700003e7c000)]
  0x00007fab26415800 JavaThread "File lock request listener" [_thread_in_native, id=41219, stack(0x0000700003c79000,0x0000700003d79000)]
  0x00007fab240f9800 JavaThread "Cache worker for file hash cache (/Users/ricardocenteno/.gradle/caches/5.4.1/fileHashes)" [_thread_blocked, id=24835, stack(0x0000700003b76000,0x0000700003c76000)]
  0x00007fab23237800 JavaThread "Thread-9" [_thread_blocked, id=41475, stack(0x0000700003a73000,0x0000700003b73000)]
  0x00007fab23237000 JavaThread "Stdin handler" [_thread_blocked, id=24067, stack(0x0000700003970000,0x0000700003a70000)]
  0x00007fab25acf000 JavaThread "Asynchronous log dispatcher for DefaultDaemonConnection: socket connection from /127.0.0.1:49710 to /127.0.0.1:49711" [_thread_blocked, id=41987, stack(0x000070000386d000,0x000070000396d000)]
  0x00007fab2698b800 JavaThread "Daemon worker" [_thread_in_native, id=23555, stack(0x000070000376a000,0x000070000386a000)]
  0x00007fab2698c800 JavaThread "Cancel handler" [_thread_blocked, id=23299, stack(0x0000700003667000,0x0000700003767000)]
  0x00007fab24a3e000 JavaThread "Handler for socket connection from /127.0.0.1:49710 to /127.0.0.1:49711" [_thread_in_native, id=22787, stack(0x0000700003564000,0x0000700003664000)]
  0x00007fab26411000 JavaThread "Daemon" [_thread_blocked, id=42755, stack(0x0000700003461000,0x0000700003561000)]
  0x00007fab24154800 JavaThread "Daemon periodic checks" [_thread_blocked, id=43011, stack(0x000070000335e000,0x000070000345e000)]
  0x00007fab24a48800 JavaThread "Incoming local TCP Connector on port 49710" [_thread_in_native, id=43267, stack(0x000070000325b000,0x000070000335b000)]
  0x00007fab252be000 JavaThread "Daemon health stats" [_thread_blocked, id=21763, stack(0x0000700003158000,0x0000700003258000)]
  0x00007fab25826800 JavaThread "Service Thread" daemon [_thread_blocked, id=16899, stack(0x0000700002f52000,0x0000700003052000)]
=>0x00007fab2401f000 JavaThread "C1 CompilerThread3" daemon [_thread_in_native, id=15619, stack(0x0000700002e4f000,0x0000700002f4f000)]
  0x00007fab26820800 JavaThread "C2 CompilerThread2" daemon [_thread_in_native, id=17411, stack(0x0000700002d4c000,0x0000700002e4c000)]
  0x00007fab2600d000 JavaThread "C2 CompilerThread1" daemon [_thread_in_vm, id=15363, stack(0x0000700002c49000,0x0000700002d49000)]
  0x00007fab2401e800 JavaThread "C2 CompilerThread0" daemon [_thread_in_native, id=15107, stack(0x0000700002b46000,0x0000700002c46000)]
  0x00007fab24000800 JavaThread "Signal Dispatcher" daemon [_thread_blocked, id=14595, stack(0x0000700002a43000,0x0000700002b43000)]
  0x00007fab2681d800 JavaThread "Finalizer" daemon [_thread_blocked, id=12547, stack(0x0000700002940000,0x0000700002a40000)]
  0x00007fab26009800 JavaThread "Reference Handler" daemon [_thread_blocked, id=19459, stack(0x000070000283d000,0x000070000293d000)]
  0x00007fab26801800 JavaThread "main" [_thread_blocked, id=5891, stack(0x0000700001e1f000,0x0000700001f1f000)]

Other Threads:
  0x00007fab23004800 VMThread [stack: 0x000070000273a000,0x000070000283a000] [id=19971]
  0x00007fab25827000 WatcherThread [stack: 0x0000700003055000,0x0000700003155000] [id=16387]

VM state:synchronizing (normal execution)

VM Mutex/Monitor currently owned by a thread:  ([mutex/lock_event])
[0x00007fab22701510] Safepoint_lock - owner thread: 0x00007fab23004800
[0x00007fab22701590] Threads_lock - owner thread: 0x00007fab23004800

heap address: 0x0000000760000000, size: 1536 MB, Compressed Oops mode: Zero based, Oop shift amount: 3
Narrow klass base: 0x0000000000000000, Narrow klass shift: 3
Compressed class space size: 1073741824 Address: 0x00000007c0000000

Heap:
 PSYoungGen      total 182784K, used 125085K [0x00000007a0000000, 0x00000007ac280000, 0x00000007c0000000)
  eden space 169472K, 73% used [0x00000007a0000000,0x00000007a7a277e0,0x00000007aa580000)
  from space 13312K, 0% used [0x00000007ab280000,0x00000007ab280000,0x00000007abf80000)
  to   space 13312K, 0% used [0x00000007aa580000,0x00000007aa580000,0x00000007ab280000)
 ParOldGen       total 162816K, used 14499K [0x0000000760000000, 0x0000000769f00000, 0x00000007a0000000)
  object space 162816K, 8% used [0x0000000760000000,0x0000000760e28de0,0x0000000769f00000)
 Metaspace       used 43763K, capacity 44636K, committed 45056K, reserved 1087488K
  class space    used 5772K, capacity 6026K, committed 6144K, reserved 1048576K

Card table byte_map: [0x0000000116409000,0x000000011670a000] byte_map_base: 0x0000000112909000

Marking Bits: (ParMarkBitMap*) 0x00000001069edf78
 Begin Bits: [0x000000011690a000, 0x000000011810a000)
 End Bits:   [0x000000011810a000, 0x000000011990a000)

Polling page: 0x0000000104fca000

CodeCache: size=245760Kb used=12954Kb max_used=13302Kb free=232805Kb
 bounds [0x0000000107049000, 0x0000000107d69000, 0x0000000116049000]
 total_blobs=4334 nmethods=3561 adapters=685
 compilation: enabled

Compilation events (10 events):
Event: 11.370 Thread 0x00007fab2401f000 nmethod 4144 0x00000001072f5a10 code [0x00000001072f5b60, 0x00000001072f5c90]
Event: 11.370 Thread 0x00007fab2401f000 4145       1       java.lang.Enum::toString (5 bytes)
Event: 11.370 Thread 0x00007fab2401f000 nmethod 4145 0x00000001072f5750 code [0x00000001072f58a0, 0x00000001072f59b0]
Event: 11.370 Thread 0x00007fab2401f000 4146       3       java.lang.StringBuilder::append (6 bytes)
Event: 11.370 Thread 0x00007fab2600d000 4148       4       java.security.MessageDigest$Delegate::engineDigest (8 bytes)
Event: 11.370 Thread 0x00007fab2401f000 nmethod 4146 0x00000001072f5290 code [0x00000001072f5400, 0x00000001072f5668]
Event: 11.370 Thread 0x00007fab2401f000 4147       3       java.lang.StringBuilder::append (8 bytes)
Event: 11.370 Thread 0x00007fab2401f000 nmethod 4147 0x00000001072f4f10 code [0x00000001072f5080, 0x00000001072f5208]
Event: 11.371 Thread 0x00007fab2401f000 4149   !   3       com.google.common.cache.LocalCache$Segment::get (122 bytes)
Event: 11.371 Thread 0x00007fab2401e800 4150       4       com.google.common.io.CountingOutputStream::write (19 bytes)

GC Heap History (10 events):
Event: 6.566 GC heap before
{Heap before GC invocations=8 (full 1):
 PSYoungGen      total 104448K, used 100468K [0x00000007a0000000, 0x00000007a7300000, 0x00000007c0000000)
  eden space 92672K, 100% used [0x00000007a0000000,0x00000007a5a80000,0x00000007a5a80000)
  from space 11776K, 66% used [0x00000007a6600000,0x00000007a6d9d2e8,0x00000007a7180000)
  to   space 11776K, 0% used [0x00000007a5a80000,0x00000007a5a80000,0x00000007a6600000)
 ParOldGen       total 110592K, used 10647K [0x0000000760000000, 0x0000000766c00000, 0x00000007a0000000)
  object space 110592K, 9% used [0x0000000760000000,0x0000000760a65f18,0x0000000766c00000)
 Metaspace       used 32622K, capacity 33228K, committed 33536K, reserved 1079296K
  class space    used 4418K, capacity 4595K, committed 4608K, reserved 1048576K
Event: 6.573 GC heap after
Heap after GC invocations=8 (full 1):
 PSYoungGen      total 104448K, used 10762K [0x00000007a0000000, 0x00000007a9b80000, 0x00000007c0000000)
  eden space 92672K, 0% used [0x00000007a0000000,0x00000007a0000000,0x00000007a5a80000)
  from space 11776K, 91% used [0x00000007a5a80000,0x00000007a6502a20,0x00000007a6600000)
  to   space 12288K, 0% used [0x00000007a8f80000,0x00000007a8f80000,0x00000007a9b80000)
 ParOldGen       total 110592K, used 10655K [0x0000000760000000, 0x0000000766c00000, 0x00000007a0000000)
  object space 110592K, 9% used [0x0000000760000000,0x0000000760a67f18,0x0000000766c00000)
 Metaspace       used 32622K, capacity 33228K, committed 33536K, reserved 1079296K
  class space    used 4418K, capacity 4595K, committed 4608K, reserved 1048576K
}
Event: 7.331 GC heap before
{Heap before GC invocations=9 (full 1):
 PSYoungGen      total 104448K, used 103434K [0x00000007a0000000, 0x00000007a9b80000, 0x00000007c0000000)
  eden space 92672K, 100% used [0x00000007a0000000,0x00000007a5a80000,0x00000007a5a80000)
  from space 11776K, 91% used [0x00000007a5a80000,0x00000007a6502a20,0x00000007a6600000)
  to   space 12288K, 0% used [0x00000007a8f80000,0x00000007a8f80000,0x00000007a9b80000)
 ParOldGen       total 110592K, used 10655K [0x0000000760000000, 0x0000000766c00000, 0x00000007a0000000)
  object space 110592K, 9% used [0x0000000760000000,0x0000000760a67f18,0x0000000766c00000)
 Metaspace       used 32638K, capacity 33228K, committed 33536K, reserved 1079296K
  class space    used 4418K, capacity 4595K, committed 4608K, reserved 1048576K
Event: 7.337 GC heap after
Heap after GC invocations=9 (full 1):
 PSYoungGen      total 145920K, used 7828K [0x00000007a0000000, 0x00000007a9b00000, 0x00000007c0000000)
  eden space 134144K, 0% used [0x00000007a0000000,0x00000007a0000000,0x00000007a8300000)
  from space 11776K, 66% used [0x00000007a8f80000,0x00000007a97252e8,0x00000007a9b00000)
  to   space 12288K, 0% used [0x00000007a8300000,0x00000007a8300000,0x00000007a8f00000)
 ParOldGen       total 110592K, used 10655K [0x0000000760000000, 0x0000000766c00000, 0x00000007a0000000)
  object space 110592K, 9% used [0x0000000760000000,0x0000000760a67f18,0x0000000766c00000)
 Metaspace       used 32638K, capacity 33228K, committed 33536K, reserved 1079296K
  class space    used 4418K, capacity 4595K, committed 4608K, reserved 1048576K
}
Event: 8.448 GC heap before
{Heap before GC invocations=10 (full 1):
 PSYoungGen      total 145920K, used 141972K [0x00000007a0000000, 0x00000007a9b00000, 0x00000007c0000000)
  eden space 134144K, 100% used [0x00000007a0000000,0x00000007a8300000,0x00000007a8300000)
  from space 11776K, 66% used [0x00000007a8f80000,0x00000007a97252e8,0x00000007a9b00000)
  to   space 12288K, 0% used [0x00000007a8300000,0x00000007a8300000,0x00000007a8f00000)
 ParOldGen       total 110592K, used 10655K [0x0000000760000000, 0x0000000766c00000, 0x00000007a0000000)
  object space 110592K, 9% used [0x0000000760000000,0x0000000760a67f18,0x0000000766c00000)
 Metaspace       used 32638K, capacity 33228K, committed 33536K, reserved 1079296K
  class space    used 4418K, capacity 4595K, committed 4608K, reserved 1048576K
Event: 8.456 GC heap after
Heap after GC invocations=10 (full 1):
 PSYoungGen      total 146432K, used 12115K [0x00000007a0000000, 0x00000007abf80000, 0x00000007c0000000)
  eden space 134144K, 0% used [0x00000007a0000000,0x00000007a0000000,0x00000007a8300000)
  from space 12288K, 98% used [0x00000007a8300000,0x00000007a8ed4ea8,0x00000007a8f00000)
  to   space 13312K, 0% used [0x00000007ab280000,0x00000007ab280000,0x00000007abf80000)
 ParOldGen       total 110592K, used 10663K [0x0000000760000000, 0x0000000766c00000, 0x00000007a0000000)
  object space 110592K, 9% used [0x0000000760000000,0x0000000760a69f18,0x0000000766c00000)
 Metaspace       used 32638K, capacity 33228K, committed 33536K, reserved 1079296K
  class space    used 4418K, capacity 4595K, committed 4608K, reserved 1048576K
}
Event: 9.023 GC heap before
{Heap before GC invocations=11 (full 1):
 PSYoungGen      total 146432K, used 109792K [0x00000007a0000000, 0x00000007abf80000, 0x00000007c0000000)
  eden space 134144K, 72% used [0x00000007a0000000,0x00000007a5f631b0,0x00000007a8300000)
  from space 12288K, 98% used [0x00000007a8300000,0x00000007a8ed4ea8,0x00000007a8f00000)
  to   space 13312K, 0% used [0x00000007ab280000,0x00000007ab280000,0x00000007abf80000)
 ParOldGen       total 110592K, used 10663K [0x0000000760000000, 0x0000000766c00000, 0x00000007a0000000)
  object space 110592K, 9% used [0x0000000760000000,0x0000000760a69f18,0x0000000766c00000)
 Metaspace       used 34606K, capacity 35364K, committed 35496K, reserved 1079296K
  class space    used 4584K, capacity 4814K, committed 4864K, reserved 1048576K
Event: 9.031 GC heap after
Heap after GC invocations=11 (full 1):
 PSYoungGen      total 182784K, used 7910K [0x00000007a0000000, 0x00000007ac280000, 0x00000007c0000000)
  eden space 169472K, 0% used [0x00000007a0000000,0x00000007a0000000,0x00000007aa580000)
  from space 13312K, 59% used [0x00000007ab280000,0x00000007aba39948,0x00000007abf80000)
  to   space 13312K, 0% used [0x00000007aa580000,0x00000007aa580000,0x00000007ab280000)
 ParOldGen       total 110592K, used 10671K [0x0000000760000000, 0x0000000766c00000, 0x00000007a0000000)
  object space 110592K, 9% used [0x0000000760000000,0x0000000760a6bf18,0x0000000766c00000)
 Metaspace       used 34606K, capacity 35364K, committed 35496K, reserved 1079296K
  class space    used 4584K, capacity 4814K, committed 4864K, reserved 1048576K
}
Event: 9.031 GC heap before
{Heap before GC invocations=12 (full 2):
 PSYoungGen      total 182784K, used 7910K [0x00000007a0000000, 0x00000007ac280000, 0x00000007c0000000)
  eden space 169472K, 0% used [0x00000007a0000000,0x00000007a0000000,0x00000007aa580000)
  from space 13312K, 59% used [0x00000007ab280000,0x00000007aba39948,0x00000007abf80000)
  to   space 13312K, 0% used [0x00000007aa580000,0x00000007aa580000,0x00000007ab280000)
 ParOldGen       total 110592K, used 10671K [0x0000000760000000, 0x0000000766c00000, 0x00000007a0000000)
  object space 110592K, 9% used [0x0000000760000000,0x0000000760a6bf18,0x0000000766c00000)
 Metaspace       used 34606K, capacity 35364K, committed 35496K, reserved 1079296K
  class space    used 4584K, capacity 4814K, committed 4864K, reserved 1048576K
Event: 9.072 GC heap after
Heap after GC invocations=12 (full 2):
 PSYoungGen      total 182784K, used 0K [0x00000007a0000000, 0x00000007ac280000, 0x00000007c0000000)
  eden space 169472K, 0% used [0x00000007a0000000,0x00000007a0000000,0x00000007aa580000)
  from space 13312K, 0% used [0x00000007ab280000,0x00000007ab280000,0x00000007abf80000)
  to   space 13312K, 0% used [0x00000007aa580000,0x00000007aa580000,0x00000007ab280000)
 ParOldGen       total 162816K, used 14499K [0x0000000760000000, 0x0000000769f00000, 0x00000007a0000000)
  object space 162816K, 8% used [0x0000000760000000,0x0000000760e28de0,0x0000000769f00000)
 Metaspace       used 34560K, capacity 35264K, committed 35496K, reserved 1079296K
  class space    used 4573K, capacity 4802K, committed 4864K, reserved 1048576K
}

Deoptimization events (10 events):
Event: 10.682 Thread 0x00007fab22efc800 Uncommon trap: reason=unstable_if action=reinterpret pc=0x00000001071ad1cc method=java.lang.AbstractStringBuilder.append(Ljava/lang/String;)Ljava/lang/AbstractStringBuilder; @ 1
Event: 10.762 Thread 0x00007fab22efa000 Uncommon trap: reason=unstable_if action=reinterpret pc=0x000000010741cd1c method=java.io.ByteArrayInputStream.read([BII)I @ 63
Event: 10.799 Thread 0x00007fab22efa000 Uncommon trap: reason=unstable_if action=reinterpret pc=0x0000000107227a3c method=sun.security.provider.DigestBase.engineUpdate([BII)V @ 1
Event: 10.921 Thread 0x00007fab22efc800 Uncommon trap: reason=class_check action=maybe_recompile pc=0x0000000107a952bc method=java.lang.StringCoding.encode(Ljava/nio/charset/Charset;[CII)[B @ 1
Event: 10.922 Thread 0x00007fab22efc800 Uncommon trap: reason=bimorphic action=maybe_recompile pc=0x0000000107a91c08 method=java.nio.charset.CharsetEncoder.replaceWith([B)Ljava/nio/charset/CharsetEncoder; @ 53
Event: 11.151 Thread 0x00007fab2719a000 Uncommon trap: reason=unstable_if action=reinterpret pc=0x00000001075d2204 method=java.util.regex.Pattern$BmpCharProperty.match(Ljava/util/regex/Matcher;ILjava/lang/CharSequence;)Z @ 34
Event: 11.217 Thread 0x00007fab2719a800 Uncommon trap: reason=class_check action=maybe_recompile pc=0x0000000107a952bc method=java.lang.StringCoding.encode(Ljava/nio/charset/Charset;[CII)[B @ 1
Event: 11.217 Thread 0x00007fab2719a800 Uncommon trap: reason=bimorphic action=maybe_recompile pc=0x0000000107a91c08 method=java.nio.charset.CharsetEncoder.replaceWith([B)Ljava/nio/charset/CharsetEncoder; @ 53
Event: 11.219 Thread 0x00007fab289f8000 Uncommon trap: reason=bimorphic action=maybe_recompile pc=0x0000000107a8e3b0 method=java.nio.charset.CharsetEncoder.replaceWith([B)Ljava/nio/charset/CharsetEncoder; @ 53
Event: 11.219 Thread 0x00007fab28aee000 Uncommon trap: reason=bimorphic action=maybe_recompile pc=0x0000000107a8e3b0 method=java.nio.charset.CharsetEncoder.replaceWith([B)Ljava/nio/charset/CharsetEncoder; @ 53

Classes redefined (0 events):
No events

Internal exceptions (10 events):
Event: 9.644 Thread 0x00007fab2698b800 Exception <a 'java/security/PrivilegedActionException'> (0x00000007a3c054a0) thrown at [/Volumes/Android/buildbot/src/googleplex-android/openjdk/out/hotspot/src/share/vm/prims/jvm.cpp, line 1508]
Event: 9.644 Thread 0x00007fab2698b800 Exception <a 'java/security/PrivilegedActionException'> (0x00000007a3c121b8) thrown at [/Volumes/Android/buildbot/src/googleplex-android/openjdk/out/hotspot/src/share/vm/prims/jvm.cpp, line 1508]
Event: 9.644 Thread 0x00007fab2698b800 Exception <a 'java/security/PrivilegedActionException'> (0x00000007a3c12f38) thrown at [/Volumes/Android/buildbot/src/googleplex-android/openjdk/out/hotspot/src/share/vm/prims/jvm.cpp, line 1508]
Event: 9.644 Thread 0x00007fab2698b800 Exception <a 'java/lang/ClassNotFoundException': org/codehaus/groovy/runtime/GStringImplCustomizer> (0x00000007a3c1e988) thrown at [/Volumes/Android/buildbot/src/googleplex-android/openjdk/out/hotspot/src/share/vm/classfile/systemDictionary.cpp, line 210]
Event: 9.773 Thread 0x00007fab22efc800 Implicit null exception at 0x0000000107b88efc to 0x0000000107b89431
Event: 9.773 Thread 0x00007fab22efa000 Implicit null exception at 0x0000000107b88efc to 0x0000000107b89431
Event: 9.940 Thread 0x00007fab22efc800 Implicit null exception at 0x000000010776e904 to 0x0000000107770881
Event: 10.508 Thread 0x00007fab22efa000 Implicit null exception at 0x0000000107c0aaf8 to 0x0000000107c0ac49
Event: 10.508 Thread 0x00007fab22efc800 Implicit null exception at 0x0000000107c0aaf8 to 0x0000000107c0ac49
Event: 10.682 Thread 0x00007fab22efc800 Implicit null exception at 0x00000001071acdf6 to 0x00000001071ad1b5

Events (10 events):
Event: 11.307 Executing VM operation: RevokeBias
Event: 11.307 Executing VM operation: RevokeBias done
Event: 11.307 Executing VM operation: RevokeBias
Event: 11.307 Executing VM operation: RevokeBias done
Event: 11.308 Executing VM operation: RevokeBias
Event: 11.308 Executing VM operation: RevokeBias done
Event: 11.308 Executing VM operation: RevokeBias
Event: 11.308 Executing VM operation: RevokeBias done
Event: 11.360 Thread 0x00007fab2719a800 DEOPT PACKING pc=0x0000000107a46756 sp=0x0000700004a9ce10
Event: 11.360 Thread 0x00007fab2719a800 DEOPT UNPACKING pc=0x00000001070904c4 sp=0x0000700004a9cb50 mode 0


Dynamic libraries:
0x00007fff42613000 	/System/Library/Frameworks/Cocoa.framework/Versions/A/Cocoa
0x00007fff4e32b000 	/System/Library/Frameworks/Security.framework/Versions/A/Security
0x00007fff412a8000 	/System/Library/Frameworks/ApplicationServices.framework/Versions/A/ApplicationServices
0x00007fff6e3ed000 	/usr/lib/libz.1.dylib
0x00007fff6bd47000 	/usr/lib/libSystem.B.dylib
0x00007fff42dfb000 	/System/Library/Frameworks/CoreFoundation.framework/Versions/A/CoreFoundation
0x00007fff4507d000 	/System/Library/Frameworks/Foundation.framework/Versions/C/Foundation
0x00007fff6d57e000 	/usr/lib/libobjc.A.dylib
0x00007fff404a1000 	/System/Library/Frameworks/AppKit.framework/Versions/C/AppKit
0x00007fff4298e000 	/System/Library/Frameworks/CoreData.framework/Versions/A/CoreData
0x00007fff6581a000 	/System/Library/PrivateFrameworks/RemoteViewServices.framework/Versions/A/RemoteViewServices
0x00007fff69a87000 	/System/Library/PrivateFrameworks/UIFoundation.framework/Versions/A/UIFoundation
0x00007fff6b169000 	/System/Library/PrivateFrameworks/XCTTargetBootstrap.framework/Versions/A/XCTTargetBootstrap
0x00007fff42d13000 	/System/Library/Frameworks/CoreDisplay.framework/Versions/A/CoreDisplay
0x00007fff60571000 	/System/Library/PrivateFrameworks/IconServices.framework/Versions/A/IconServices
0x00007fff479a1000 	/System/Library/Frameworks/Metal.framework/Versions/A/Metal
0x00007fff57aec000 	/System/Library/PrivateFrameworks/DesktopServicesPriv.framework/Versions/A/DesktopServicesPriv
0x00007fff6c8e1000 	/usr/lib/libenergytrace.dylib
0x00007fff67f70000 	/System/Library/PrivateFrameworks/SkyLight.framework/Versions/A/SkyLight
0x00007fff43241000 	/System/Library/Frameworks/CoreGraphics.framework/Versions/A/CoreGraphics
0x00007fff3f26d000 	/System/Library/Frameworks/Accelerate.framework/Versions/A/Accelerate
0x00007fff457c5000 	/System/Library/Frameworks/IOSurface.framework/Versions/A/IOSurface
0x00007fff57958000 	/System/Library/PrivateFrameworks/DFRFoundation.framework/Versions/A/DFRFoundation
0x00007fff4178b000 	/System/Library/Frameworks/AudioToolbox.framework/Versions/A/AudioToolbox
0x00007fff41a04000 	/System/Library/Frameworks/AudioUnit.framework/Versions/A/AudioUnit
0x00007fff579ed000 	/System/Library/PrivateFrameworks/DataDetectorsCore.framework/Versions/A/DataDetectorsCore
0x00007fff42117000 	/System/Library/Frameworks/Carbon.framework/Versions/A/Frameworks/HIToolbox.framework/Versions/A/HIToolbox
0x00007fff6ca3a000 	/usr/lib/libicucore.A.dylib
0x00007fff4d8a0000 	/System/Library/Frameworks/QuartzCore.framework/Versions/A/QuartzCore
0x00007fff424eb000 	/System/Library/Frameworks/Carbon.framework/Versions/A/Frameworks/SpeechRecognition.framework/Versions/A/SpeechRecognition
0x00007fff6be9b000 	/usr/lib/libauto.dylib
0x00007fff6e2e1000 	/usr/lib/libxml2.2.dylib
0x00007fff57535000 	/System/Library/PrivateFrameworks/CoreUI.framework/Versions/A/CoreUI
0x00007fff42879000 	/System/Library/Frameworks/CoreAudio.framework/Versions/A/CoreAudio
0x00007fff44eb2000 	/System/Library/Frameworks/DiskArbitration.framework/Versions/A/DiskArbitration
0x00007fff6cce8000 	/usr/lib/liblangid.dylib
0x00007fff6197f000 	/System/Library/PrivateFrameworks/MultitouchSupport.framework/Versions/A/MultitouchSupport
0x00007fff45734000 	/System/Library/Frameworks/IOKit.framework/Versions/A/IOKit
0x00007fff6b908000 	/usr/lib/libDiagnosticMessagesClient.dylib
0x00007fff44050000 	/System/Library/Frameworks/CoreServices.framework/Versions/A/CoreServices
0x00007fff63626000 	/System/Library/PrivateFrameworks/PerformanceAnalysis.framework/Versions/A/PerformanceAnalysis
0x00007fff4ca8e000 	/System/Library/Frameworks/OpenGL.framework/Versions/A/OpenGL
0x00007fff42621000 	/System/Library/Frameworks/ColorSync.framework/Versions/A/ColorSync
0x00007fff438d2000 	/System/Library/Frameworks/CoreImage.framework/Versions/A/CoreImage
0x00007fff44a29000 	/System/Library/Frameworks/CoreText.framework/Versions/A/CoreText
0x00007fff45828000 	/System/Library/Frameworks/ImageIO.framework/Versions/A/ImageIO
0x00007fff53b8a000 	/System/Library/PrivateFrameworks/Backup.framework/Versions/A/Backup
0x00007fff6bdee000 	/usr/lib/libarchive.2.dylib
0x00007fff41d5c000 	/System/Library/Frameworks/CFNetwork.framework/Versions/A/CFNetwork
0x00007fff4ea85000 	/System/Library/Frameworks/SystemConfiguration.framework/Versions/A/SystemConfiguration
0x00007fff6b839000 	/usr/lib/libCRFSuite.dylib
0x00007fff6bf8a000 	/usr/lib/libc++.1.dylib
0x00007fff6bfde000 	/usr/lib/libc++abi.dylib
0x00007fff6ebe3000 	/usr/lib/system/libcache.dylib
0x00007fff6ebe8000 	/usr/lib/system/libcommonCrypto.dylib
0x00007fff6ebf3000 	/usr/lib/system/libcompiler_rt.dylib
0x00007fff6ebfb000 	/usr/lib/system/libcopyfile.dylib
0x00007fff6ec05000 	/usr/lib/system/libcorecrypto.dylib
0x00007fff6ed10000 	/usr/lib/system/libdispatch.dylib
0x00007fff6ed4a000 	/usr/lib/system/libdyld.dylib
0x00007fff6ed77000 	/usr/lib/system/libkeymgr.dylib
0x00007fff6ed85000 	/usr/lib/system/liblaunch.dylib
0x00007fff6ed86000 	/usr/lib/system/libmacho.dylib
0x00007fff6ed8c000 	/usr/lib/system/libquarantine.dylib
0x00007fff6ed8f000 	/usr/lib/system/libremovefile.dylib
0x00007fff6ed91000 	/usr/lib/system/libsystem_asl.dylib
0x00007fff6eda9000 	/usr/lib/system/libsystem_blocks.dylib
0x00007fff6edaa000 	/usr/lib/system/libsystem_c.dylib
0x00007fff6ee32000 	/usr/lib/system/libsystem_configuration.dylib
0x00007fff6ee36000 	/usr/lib/system/libsystem_coreservices.dylib
0x00007fff6ee3a000 	/usr/lib/system/libsystem_darwin.dylib
0x00007fff6ee41000 	/usr/lib/system/libsystem_dnssd.dylib
0x00007fff6ee48000 	/usr/lib/system/libsystem_info.dylib
0x00007fff6eebd000 	/usr/lib/system/libsystem_m.dylib
0x00007fff6ef09000 	/usr/lib/system/libsystem_malloc.dylib
0x00007fff6ef34000 	/usr/lib/system/libsystem_networkextension.dylib
0x00007fff6ef3f000 	/usr/lib/system/libsystem_notify.dylib
0x00007fff6ef5c000 	/usr/lib/system/libsystem_sandbox.dylib
0x00007fff6ef60000 	/usr/lib/system/libsystem_secinit.dylib
0x00007fff6ee94000 	/usr/lib/system/libsystem_kernel.dylib
0x00007fff6ef47000 	/usr/lib/system/libsystem_platform.dylib
0x00007fff6ef51000 	/usr/lib/system/libsystem_pthread.dylib
0x00007fff6ef63000 	/usr/lib/system/libsystem_symptoms.dylib
0x00007fff6ef6b000 	/usr/lib/system/libsystem_trace.dylib
0x00007fff6ef82000 	/usr/lib/system/libunwind.dylib
0x00007fff6ef88000 	/usr/lib/system/libxpc.dylib
0x00007fff6bf6b000 	/usr/lib/libbsm.0.dylib
0x00007fff6ed78000 	/usr/lib/system/libkxld.dylib
0x00007fff52f7b000 	/System/Library/PrivateFrameworks/AppleFSCompression.framework/Versions/A/AppleFSCompression
0x00007fff6bc07000 	/usr/lib/libOpenScriptingUtil.dylib
0x00007fff6c293000 	/usr/lib/libcoretls.dylib
0x00007fff6c2aa000 	/usr/lib/libcoretls_cfhelpers.dylib
0x00007fff6dd15000 	/usr/lib/libpam.2.dylib
0x00007fff6ded5000 	/usr/lib/libsqlite3.dylib
0x00007fff6e2cf000 	/usr/lib/libxar.1.dylib
0x00007fff6bf7c000 	/usr/lib/libbz2.1.0.dylib
0x00007fff6ccea000 	/usr/lib/liblzma.5.dylib
0x00007fff6d19b000 	/usr/lib/libnetwork.dylib
0x00007fff6bdd7000 	/usr/lib/libapple_nghttp2.dylib
0x00007fff6dd1c000 	/usr/lib/libpcap.A.dylib
0x00007fff443ef000 	/System/Library/Frameworks/CoreServices.framework/Versions/A/Frameworks/FSEvents.framework/Versions/A/FSEvents
0x00007fff440ce000 	/System/Library/Frameworks/CoreServices.framework/Versions/A/Frameworks/CarbonCore.framework/Versions/A/CarbonCore
0x00007fff445ab000 	/System/Library/Frameworks/CoreServices.framework/Versions/A/Frameworks/Metadata.framework/Versions/A/Metadata
0x00007fff4464a000 	/System/Library/Frameworks/CoreServices.framework/Versions/A/Frameworks/OSServices.framework/Versions/A/OSServices
0x00007fff44695000 	/System/Library/Frameworks/CoreServices.framework/Versions/A/Frameworks/SearchKit.framework/Versions/A/SearchKit
0x00007fff44051000 	/System/Library/Frameworks/CoreServices.framework/Versions/A/Frameworks/AE.framework/Versions/A/AE
0x00007fff443f8000 	/System/Library/Frameworks/CoreServices.framework/Versions/A/Frameworks/LaunchServices.framework/Versions/A/LaunchServices
0x00007fff443a6000 	/System/Library/Frameworks/CoreServices.framework/Versions/A/Frameworks/DictionaryServices.framework/Versions/A/DictionaryServices
0x00007fff446fd000 	/System/Library/Frameworks/CoreServices.framework/Versions/A/Frameworks/SharedFileList.framework/Versions/A/SharedFileList
0x00007fff48a69000 	/System/Library/Frameworks/NetFS.framework/Versions/A/NetFS
0x00007fff61be5000 	/System/Library/PrivateFrameworks/NetAuth.framework/Versions/A/NetAuth
0x00007fff6b56d000 	/System/Library/PrivateFrameworks/login.framework/Versions/A/Frameworks/loginsupport.framework/Versions/A/loginsupport
0x00007fff69690000 	/System/Library/PrivateFrameworks/TCC.framework/Versions/A/TCC
0x00007fff56b92000 	/System/Library/PrivateFrameworks/CoreNLP.framework/Versions/A/CoreNLP
0x00007fff61678000 	/System/Library/PrivateFrameworks/MetadataUtilities.framework/Versions/A/MetadataUtilities
0x00007fff6cdbf000 	/usr/lib/libmecabra.dylib
0x00007fff412a9000 	/System/Library/Frameworks/ApplicationServices.framework/Versions/A/Frameworks/ATS.framework/Versions/A/ATS
0x00007fff415f8000 	/System/Library/Frameworks/ApplicationServices.framework/Versions/A/Frameworks/ColorSyncLegacy.framework/Versions/A/ColorSyncLegacy
0x00007fff41697000 	/System/Library/Frameworks/ApplicationServices.framework/Versions/A/Frameworks/HIServices.framework/Versions/A/HIServices
0x00007fff416ea000 	/System/Library/Frameworks/ApplicationServices.framework/Versions/A/Frameworks/LangAnalysis.framework/Versions/A/LangAnalysis
0x00007fff416fa000 	/System/Library/Frameworks/ApplicationServices.framework/Versions/A/Frameworks/PrintCore.framework/Versions/A/PrintCore
0x00007fff41744000 	/System/Library/Frameworks/ApplicationServices.framework/Versions/A/Frameworks/QD.framework/Versions/A/QD
0x00007fff4177e000 	/System/Library/Frameworks/ApplicationServices.framework/Versions/A/Frameworks/SpeechSynthesis.framework/Versions/A/SpeechSynthesis
0x00007fff6c006000 	/usr/lib/libcompression.dylib
0x00007fff47c71000 	/System/Library/Frameworks/MetalPerformanceShaders.framework/Versions/A/MetalPerformanceShaders
0x00007fff3f285000 	/System/Library/Frameworks/Accelerate.framework/Versions/A/Frameworks/vImage.framework/Versions/A/vImage
0x00007fff402ff000 	/System/Library/Frameworks/Accelerate.framework/Versions/A/Frameworks/vecLib.framework/Versions/A/vecLib
0x00007fff4024b000 	/System/Library/Frameworks/Accelerate.framework/Versions/A/Frameworks/vecLib.framework/Versions/A/libvMisc.dylib
0x00007fff40063000 	/System/Library/Frameworks/Accelerate.framework/Versions/A/Frameworks/vecLib.framework/Versions/A/libvDSP.dylib
0x00007fff3f91f000 	/System/Library/Frameworks/Accelerate.framework/Versions/A/Frameworks/vecLib.framework/Versions/A/libBLAS.dylib
0x00007fff3fc0c000 	/System/Library/Frameworks/Accelerate.framework/Versions/A/Frameworks/vecLib.framework/Versions/A/libLAPACK.dylib
0x00007fff3ffb6000 	/System/Library/Frameworks/Accelerate.framework/Versions/A/Frameworks/vecLib.framework/Versions/A/libLinearAlgebra.dylib
0x00007fff4004f000 	/System/Library/Frameworks/Accelerate.framework/Versions/A/Frameworks/vecLib.framework/Versions/A/libSparseBLAS.dylib
0x00007fff3ffcc000 	/System/Library/Frameworks/Accelerate.framework/Versions/A/Frameworks/vecLib.framework/Versions/A/libQuadrature.dylib
0x00007fff3fb99000 	/System/Library/Frameworks/Accelerate.framework/Versions/A/Frameworks/vecLib.framework/Versions/A/libBNNS.dylib
0x00007fff3ffd2000 	/System/Library/Frameworks/Accelerate.framework/Versions/A/Frameworks/vecLib.framework/Versions/A/libSparse.dylib
0x00007fff5ded4000 	/System/Library/PrivateFrameworks/GPUWrangler.framework/Versions/A/GPUWrangler
0x00007fff601a6000 	/System/Library/PrivateFrameworks/IOAccelerator.framework/Versions/A/IOAccelerator
0x00007fff601b1000 	/System/Library/PrivateFrameworks/IOPresentment.framework/Versions/A/IOPresentment
0x00007fff57968000 	/System/Library/PrivateFrameworks/DSExternalDisplay.framework/Versions/A/DSExternalDisplay
0x00007fff4bee5000 	/System/Library/Frameworks/OpenGL.framework/Versions/A/Libraries/libCoreFSCache.dylib
0x00007fff47a65000 	/System/Library/Frameworks/MetalPerformanceShaders.framework/Frameworks/MPSCore.framework/Versions/A/MPSCore
0x00007fff47a85000 	/System/Library/Frameworks/MetalPerformanceShaders.framework/Frameworks/MPSImage.framework/Versions/A/MPSImage
0x00007fff47b2a000 	/System/Library/Frameworks/MetalPerformanceShaders.framework/Frameworks/MPSNeuralNetwork.framework/Versions/A/MPSNeuralNetwork
0x00007fff47b02000 	/System/Library/Frameworks/MetalPerformanceShaders.framework/Frameworks/MPSMatrix.framework/Versions/A/MPSMatrix
0x00007fff47c56000 	/System/Library/Frameworks/MetalPerformanceShaders.framework/Frameworks/MPSRayIntersector.framework/Versions/A/MPSRayIntersector
0x00007fff616a1000 	/System/Library/PrivateFrameworks/MetalTools.framework/Versions/A/MetalTools
0x00007fff52828000 	/System/Library/PrivateFrameworks/AggregateDictionary.framework/Versions/A/AggregateDictionary
0x00007fff6bbe8000 	/usr/lib/libMobileGestalt.dylib
0x00007fff44b8c000 	/System/Library/Frameworks/CoreVideo.framework/Versions/A/CoreVideo
0x00007fff5ece4000 	/System/Library/PrivateFrameworks/GraphVisualizer.framework/Versions/A/GraphVisualizer
0x00007fff58b64000 	/System/Library/PrivateFrameworks/FaceCore.framework/Versions/A/FaceCore
0x00007fff4b513000 	/System/Library/Frameworks/OpenCL.framework/Versions/A/OpenCL
0x00007fff6b940000 	/usr/lib/libFosl_dynamic.dylib
0x00007fff62450000 	/System/Library/PrivateFrameworks/OTSVG.framework/Versions/A/OTSVG
0x00007fff413ad000 	/System/Library/Frameworks/ApplicationServices.framework/Versions/A/Frameworks/ATS.framework/Versions/A/Resources/libFontParser.dylib
0x00007fff414c5000 	/System/Library/Frameworks/ApplicationServices.framework/Versions/A/Frameworks/ATS.framework/Versions/A/Resources/libFontRegistry.dylib
0x00007fff45a96000 	/System/Library/Frameworks/ImageIO.framework/Versions/A/Resources/libJPEG.dylib
0x00007fff45da8000 	/System/Library/Frameworks/ImageIO.framework/Versions/A/Resources/libTIFF.dylib
0x00007fff45d7e000 	/System/Library/Frameworks/ImageIO.framework/Versions/A/Resources/libPng.dylib
0x00007fff459b4000 	/System/Library/Frameworks/ImageIO.framework/Versions/A/Resources/libGIF.dylib
0x00007fff459b9000 	/System/Library/Frameworks/ImageIO.framework/Versions/A/Resources/libJP2.dylib
0x00007fff45da5000 	/System/Library/Frameworks/ImageIO.framework/Versions/A/Resources/libRadiance.dylib
0x00007fff530d2000 	/System/Library/PrivateFrameworks/AppleJPEG.framework/Versions/A/AppleJPEG
0x00007fff4bef0000 	/System/Library/Frameworks/OpenGL.framework/Versions/A/Libraries/libGFXShared.dylib
0x00007fff4c0b3000 	/System/Library/Frameworks/OpenGL.framework/Versions/A/Libraries/libGLU.dylib
0x00007fff4bef9000 	/System/Library/Frameworks/OpenGL.framework/Versions/A/Libraries/libGL.dylib
0x00007fff4bf05000 	/System/Library/Frameworks/OpenGL.framework/Versions/A/Libraries/libGLImage.dylib
0x00007fff4bee2000 	/System/Library/Frameworks/OpenGL.framework/Versions/A/Libraries/libCVMSPluginSupport.dylib
0x00007fff4beeb000 	/System/Library/Frameworks/OpenGL.framework/Versions/A/Libraries/libCoreVMClient.dylib
0x00007fff6c757000 	/usr/lib/libcups.2.dylib
0x00007fff46f6c000 	/System/Library/Frameworks/Kerberos.framework/Versions/A/Kerberos
0x00007fff45499000 	/System/Library/Frameworks/GSS.framework/Versions/A/GSS
0x00007fff6de6a000 	/usr/lib/libresolv.9.dylib
0x00007fff6c949000 	/usr/lib/libiconv.2.dylib
0x00007fff5ee43000 	/System/Library/PrivateFrameworks/Heimdal.framework/Versions/A/Heimdal
0x00007fff6c919000 	/usr/lib/libheimdal-asn1.dylib
0x00007fff4b587000 	/System/Library/Frameworks/OpenDirectory.framework/Versions/A/OpenDirectory
0x00007fff558f7000 	/System/Library/PrivateFrameworks/CommonAuth.framework/Versions/A/CommonAuth
0x00007fff4b56b000 	/System/Library/Frameworks/OpenDirectory.framework/Versions/A/Frameworks/CFOpenDirectory.framework/Versions/A/CFOpenDirectory
0x00007fff4e62b000 	/System/Library/Frameworks/SecurityFoundation.framework/Versions/A/SecurityFoundation
0x00007fff51d71000 	/System/Library/PrivateFrameworks/APFS.framework/Versions/A/APFS
0x00007fff6e2cb000 	/usr/lib/libutil.dylib
0x00007fff6bff4000 	/usr/lib/libcharset.1.dylib
0x00007fff5336f000 	/System/Library/PrivateFrameworks/AppleSauce.framework/Versions/A/AppleSauce
0x00007fff534f0000 	/System/Library/PrivateFrameworks/AssertionServices.framework/Versions/A/AssertionServices
0x00007fff53c20000 	/System/Library/PrivateFrameworks/BaseBoard.framework/Versions/A/BaseBoard
0x00007fff6cd1a000 	/usr/lib/libmecab.1.0.0.dylib
0x00007fff6c913000 	/usr/lib/libgermantok.dylib
0x00007fff6bdc4000 	/usr/lib/libThaiTokenizer.dylib
0x00007fff6b870000 	/usr/lib/libChineseTokenizer.dylib
0x00007fff6085f000 	/System/Library/PrivateFrameworks/LanguageModeling.framework/Versions/A/LanguageModeling
0x00007fff565d8000 	/System/Library/PrivateFrameworks/CoreEmoji.framework/Versions/A/CoreEmoji
0x00007fff6093b000 	/System/Library/PrivateFrameworks/Lexicon.framework/Versions/A/Lexicon
0x00007fff6097e000 	/System/Library/PrivateFrameworks/LinguisticData.framework/Versions/A/LinguisticData
0x00007fff6bff5000 	/usr/lib/libcmph.dylib
0x00007fff4e6e9000 	/System/Library/Frameworks/ServiceManagement.framework/Versions/A/ServiceManagement
0x00007fff53b81000 	/System/Library/PrivateFrameworks/BackgroundTaskManagement.framework/Versions/A/BackgroundTaskManagement
0x00007fff6e3c4000 	/usr/lib/libxslt.1.dylib
0x00007fff42418000 	/System/Library/Frameworks/Carbon.framework/Versions/A/Frameworks/Ink.framework/Versions/A/Ink
0x00007fff69902000 	/System/Library/PrivateFrameworks/TextureIO.framework/Versions/A/TextureIO
0x00007fff6be18000 	/usr/lib/libate.dylib
0x00007fff578b7000 	/System/Library/PrivateFrameworks/CrashReporterSupport.framework/Versions/A/CrashReporterSupport
0x00007fff67041000 	/System/Library/PrivateFrameworks/Sharing.framework/Versions/A/Sharing
0x00007fff538d3000 	/System/Library/PrivateFrameworks/AuthKit.framework/Versions/A/AuthKit
0x00007fff52e27000 	/System/Library/PrivateFrameworks/Apple80211.framework/Versions/A/Apple80211
0x00007fff57661000 	/System/Library/PrivateFrameworks/CoreUtils.framework/Versions/A/CoreUtils
0x00007fff44bcc000 	/System/Library/Frameworks/CoreWLAN.framework/Versions/A/CoreWLAN
0x00007fff455c8000 	/System/Library/Frameworks/IOBluetooth.framework/Versions/A/IOBluetooth
0x00007fff654c5000 	/System/Library/PrivateFrameworks/ProtocolBuffer.framework/Versions/A/ProtocolBuffer
0x00007fff618db000 	/System/Library/PrivateFrameworks/MobileKeyBag.framework/Versions/A/MobileKeyBag
0x00007fff56ea5000 	/System/Library/PrivateFrameworks/CorePhoneNumbers.framework/Versions/A/CorePhoneNumbers
0x00007fff53086000 	/System/Library/PrivateFrameworks/AppleIDAuthSupport.framework/Versions/A/AppleIDAuthSupport
0x00007fff60832000 	/System/Library/PrivateFrameworks/KeychainCircle.framework/Versions/A/KeychainCircle
0x00007fff6567b000 	/System/Library/PrivateFrameworks/ROCKit.framework/Versions/A/ROCKit
0x00007fff57853000 	/System/Library/PrivateFrameworks/CoreWiFi.framework/Versions/A/CoreWiFi
0x00007fff42963000 	/System/Library/Frameworks/CoreBluetooth.framework/Versions/A/CoreBluetooth
0x00007fff57aae000 	/System/Library/PrivateFrameworks/DebugSymbols.framework/Versions/A/DebugSymbols
0x00007fff57421000 	/System/Library/PrivateFrameworks/CoreSymbolication.framework/Versions/A/CoreSymbolication
0x00007fff6911d000 	/System/Library/PrivateFrameworks/Symbolication.framework/Versions/A/Symbolication
0x00007fff689c0000 	/System/Library/PrivateFrameworks/SpeechRecognitionCore.framework/Versions/A/SpeechRecognitionCore
0x00000001061d2000 	/Applications/Android Studio.app/Contents/jre/jdk/Contents/Home/jre/lib/server/libjvm.dylib
0x00007fff6e1a6000 	/usr/lib/libstdc++.6.dylib
0x0000000104f78000 	/Applications/Android Studio.app/Contents/jre/jdk/Contents/Home/jre/lib/libverify.dylib
0x0000000104f85000 	/Applications/Android Studio.app/Contents/jre/jdk/Contents/Home/jre/lib/libjava.dylib
0x0000000104fd4000 	/Applications/Android Studio.app/Contents/jre/jdk/Contents/Home/jre/lib/libzip.dylib
0x000000011c8d7000 	/Applications/Android Studio.app/Contents/jre/jdk/Contents/Home/jre/lib/libnet.dylib
0x000000011c8ae000 	/Applications/Android Studio.app/Contents/jre/jdk/Contents/Home/jre/lib/libnio.dylib
0x000000011c852000 	/Users/ricardocenteno/.gradle/native/29/osx-amd64/libnative-platform.dylib
0x000000011ccaf000 	/Applications/Android Studio.app/Contents/jre/jdk/Contents/Home/jre/lib/libmanagement.dylib
0x000000011f1ca000 	/Applications/Android Studio.app/Contents/jre/jdk/Contents/Home/jre/lib/libsunec.dylib

VM Arguments:
jvm_args: -Xmx1536m -Dfile.encoding=UTF-8 -Duser.country=US -Duser.language=en -Duser.variant 
java_command: org.gradle.launcher.daemon.bootstrap.GradleDaemon 5.4.1
java_class_path (initial): /Users/ricardocenteno/.gradle/wrapper/dists/gradle-5.4.1-all/3221gyojl5jsh0helicew7rwx/gradle-5.4.1/lib/gradle-launcher-5.4.1.jar
Launcher Type: SUN_STANDARD

Environment Variables:
PATH=/usr/local/bin:/usr/bin:/bin:/usr/sbin:/sbin
SHELL=/bin/bash

Signal Handlers:
SIGSEGV: [libjvm.dylib+0x55bff5], sa_mask[0]=11111111011111110111111111111111, sa_flags=SA_ONSTACK|SA_RESTART|SA_SIGINFO
SIGBUS: [libjvm.dylib+0x55bff5], sa_mask[0]=11111111011111110111111111111111, sa_flags=SA_RESTART|SA_SIGINFO
SIGFPE: [libjvm.dylib+0x453a89], sa_mask[0]=11111111011111110111111111111111, sa_flags=SA_RESTART|SA_SIGINFO
SIGPIPE: [libjvm.dylib+0x453a89], sa_mask[0]=11111111011111110111111111111111, sa_flags=SA_RESTART|SA_SIGINFO
SIGXFSZ: [libjvm.dylib+0x453a89], sa_mask[0]=11111111011111110111111111111111, sa_flags=SA_RESTART|SA_SIGINFO
SIGILL: [libjvm.dylib+0x453a89], sa_mask[0]=11111111011111110111111111111111, sa_flags=SA_RESTART|SA_SIGINFO
SIGUSR1: SIG_DFL, sa_mask[0]=00000000000000000000000000000000, sa_flags=none
SIGUSR2: [libjvm.dylib+0x454390], sa_mask[0]=00100000000000000000000000000000, sa_flags=SA_RESTART|SA_SIGINFO
SIGHUP: [libjvm.dylib+0x4525a3], sa_mask[0]=11111111011111110111111111111111, sa_flags=SA_RESTART|SA_SIGINFO
SIGINT: [libjvm.dylib+0x4525a3], sa_mask[0]=11111111011111110111111111111111, sa_flags=SA_RESTART|SA_SIGINFO
SIGTERM: [libjvm.dylib+0x4525a3], sa_mask[0]=11111111011111110111111111111111, sa_flags=SA_RESTART|SA_SIGINFO
SIGQUIT: [libjvm.dylib+0x4525a3], sa_mask[0]=11111111011111110111111111111111, sa_flags=SA_RESTART|SA_SIGINFO


---------------  S Y S T E M  ---------------

OS:Bsduname:Darwin 18.6.0 Darwin Kernel Version 18.6.0: Thu Apr 25 23:16:27 PDT 2019; root:xnu-4903.261.4~2/RELEASE_X86_64 x86_64
rlimit: STACK 8192k, CORE 0k, NPROC 1418, NOFILE 10240, AS infinity
load average:5.58 3.74 2.99

CPU:total 8 (initial active 8) (4 cores per cpu, 2 threads per core) family 6 model 94 stepping 3, cmov, cx8, fxsr, mmx, sse, sse2, sse3, ssse3, sse4.1, sse4.2, popcnt, avx, avx2, aes, clmul, erms, rtm, 3dnowpref, lzcnt, ht, tsc, tscinvbit, bmi1, bmi2, adx

Memory: 4k page, physical 16777216k(1277924k free)

/proc/meminfo:


vm_info: OpenJDK 64-Bit Server VM (25.202-b49-5587405) for bsd-amd64 JRE (1.8.0_202-release-1483-b49-5587405), built by "android-build" with gcc 4.2.1 Compatible Android (5058415 based on r339409) Clang 8.0.2 (https://android.googlesource.com/toolchain/clang 40173bab62ec746213857d083c0e8b0abb568790) (https://android.googlesource.com/toolchain/llvm 7a6618d69e7e8111e1d49dc9e7813767c5ca756a)

time: Wed Feb 19 18:38:34 2020
timezone: PST
elapsed time: 11 seconds (0d 0h 0m 11s)

