JvmtiExport can_access_local_variables 0
JvmtiExport can_hotswap_or_post_breakpoint 0
JvmtiExport can_post_on_exceptions 0
# 179 ciObject found
ciMethod java/lang/Thread currentThread ()Ljava/lang/Thread; 2049 1 256 0 -1
ciMethod sun/misc/Unsafe getAndAddInt (Ljava/lang/Object;JI)I 3073 1 442 0 -1
ciMethod java/util/concurrent/atomic/AtomicInteger incrementAndGet ()I 2049 1 1413 0 -1
ciMethod java/util/concurrent/locks/ReentrantLock tryLock ()Z 1465 1 698 0 -1
ciMethod java/util/concurrent/locks/ReentrantLock unlock ()V 2049 1 4550 0 -1
ciMethod java/util/concurrent/locks/ReentrantLock isHeldByCurrentThread ()Z 2049 1 411 0 -1
ciMethod java/util/Queue add (Ljava/lang/Object;)Z 0 0 1 0 -1
ciMethod java/util/concurrent/locks/ReentrantLock$Sync nonfairTryAcquire (I)Z 2057 1 2967 0 -1
ciMethod java/util/concurrent/locks/ReentrantLock$Sync isHeldExclusively ()Z 3081 1 998 0 -1
ciMethod java/util/concurrent/locks/AbstractQueuedSynchronizer release (I)Z 2049 1 7164 0 -1
ciMethod java/util/concurrent/locks/AbstractOwnableSynchronizer getExclusiveOwnerThread ()Ljava/lang/Thread; 1025 1 128 0 -1
ciMethod com/google/common/base/Ticker read ()J 0 0 1 0 -1
ciMethod com/google/common/cache/LocalCache$ValueReference get ()Ljava/lang/Object; 0 0 1 0 -1
ciMethod com/google/common/cache/LocalCache expiresAfterAccess ()Z 2065 1 1580 0 -1
ciMethod com/google/common/cache/LocalCache recordsAccess ()Z 3073 1 650 0 -1
ciMethod com/google/common/cache/LocalCache usesKeyReferences ()Z 3089 1 516 0 -1
ciMethod com/google/common/cache/LocalCache usesValueReferences ()Z 3089 1 516 0 -1
ciMethod com/google/common/cache/LocalCache processPendingNotifications ()V 1969 425 351 0 -1
ciMethod com/google/common/cache/ReferenceEntry getValueReference ()Lcom/google/common/cache/LocalCache$ValueReference; 0 0 1 0 -1
ciMethod com/google/common/cache/ReferenceEntry getKey ()Ljava/lang/Object; 0 0 1 0 -1
ciMethod com/google/common/cache/ReferenceEntry setAccessTime (J)V 0 0 1 0 -1
ciMethod com/google/common/cache/LocalCache$Segment get (Ljava/lang/Object;I)Ljava/lang/Object; 2057 1 257 0 -1
ciMethod com/google/common/cache/LocalCache$Segment scheduleRefresh (Lcom/google/common/cache/ReferenceEntry;Ljava/lang/Object;ILjava/lang/Object;JLcom/google/common/cache/CacheLoader;)Ljava/lang/Object; 2489 1 311 0 -1
ciMethod com/google/common/cache/LocalCache$Segment tryDrainReferenceQueues ()V 0 0 1 0 -1
ciMethod com/google/common/cache/LocalCache$Segment drainReferenceQueues ()V 2073 1 351 0 -1
ciMethod com/google/common/cache/LocalCache$Segment drainKeyReferenceQueue ()V 9 1 9 0 -1
ciMethod com/google/common/cache/LocalCache$Segment drainValueReferenceQueue ()V 57 1 37 0 -1
ciMethod com/google/common/cache/LocalCache$Segment recordRead (Lcom/google/common/cache/ReferenceEntry;J)V 2489 1 311 0 -1
ciMethod com/google/common/cache/LocalCache$Segment getLiveEntry (Ljava/lang/Object;IJ)Lcom/google/common/cache/ReferenceEntry; 2041 1 255 0 -1
ciMethod com/google/common/cache/LocalCache$Segment postReadCleanup ()V 2049 1 419 0 -1
ciMethod com/google/common/cache/LocalCache$Segment cleanUp ()V 0 0 1 0 -1
ciMethod com/google/common/cache/LocalCache$Segment runLockedCleanup (J)V 1969 1 351 0 -1
ciMethod com/google/common/cache/LocalCache$Segment runUnlockedCleanup ()V 1969 1 351 0 -1
ciMethodData java/util/concurrent/locks/AbstractQueuedSynchronizer release (I)Z 2 7164 orig 264 248 189 155 6 1 0 0 0 112 26 238 25 1 0 0 0 240 1 0 0 0 0 0 0 0 0 0 0 0 0 0 0 0 0 0 0 0 0 0 0 0 0 0 0 0 0 0 0 0 0 0 0 0 0 0 0 0 0 0 0 0 0 0 0 0 0 0 0 0 0 0 0 0 0 0 0 0 0 0 0 77 68 79 32 101 120 116 114 97 32 100 97 116 97 32 108 111 99 107 0 0 0 0 0 0 0 0 0 0 0 0 0 0 0 0 0 0 0 0 0 0 0 0 0 0 0 0 0 0 0 0 0 0 0 0 0 0 0 0 0 0 0 0 0 0 0 0 0 0 0 0 0 0 0 0 0 0 0 0 0 0 0 0 0 0 0 0 0 0 0 0 0 0 0 0 0 0 0 0 0 0 0 0 0 17 0 0 0 0 0 0 0 0 0 0 0 0 0 0 0 0 0 0 0 0 0 0 0 0 0 0 0 0 0 0 0 0 1 0 0 225 215 0 0 1 0 0 0 0 0 0 0 0 0 0 0 2 0 0 0 0 0 10 0 2 0 0 0 160 0 0 0 255 255 255 255 5 0 2 0 0 0 0 0 data 20 0x20005 0x731 0x7fab28829b40 0x13b2 0x7fab24e7e6c0 0x19 0x50007 0x391 0x70 0x176e 0xe0007 0xd26 0x50 0xa48 0x150007 0x96c 0x30 0xdc 0x1a0002 0xdc oops 2